Vergueiro, Paraiso, 683
Paraiso, Ana Rosa, 702
Ana Rosa, Vila Mariana, 973
Vila Mariana, Santa Cruz, 1138
Santa Cruz, Chacara Klabin, 1019
Chacara Klabin, Santos-Imigrantes, 1119
Santos-Imigrantes, Alto do Ipiranga, 1121
Alto do Ipiranga, Sacoma, 900
Sacoma, Tamanduatei, 1702
Tamanduatei, Ipiranga, 1400
Tamanduatei, Sao Caetano do Sul, 2790
Sao Caetano do Sul, Utinga, 3310
Utinga, Prefeito Saladino, 1570
Prefeito Saladino, Santo Andre, 1730
Santo Andre, Capuava, 4120
Capuava, Maua, 3210
Maua, Guapituba, 3080
Guapituba, Ribeirao Pires, 4450
Ribeirao Pires, Rio Grande da Serra, 4400
Tamanduatei, Vila Prudente, 1280
Vila Prudente, Oratorio, 2239
Oratorio, Sao Lucas, 2000
Sao Lucas, Camilo Haddad, 1040
Camilo Haddad, Vila Tostoi, 1200
Vila Tostoi, Vila Uniao, 1210
Vila Uniao, Jardim Planalto, 947
Jardim Planalto, Sapopemba, 1300
Sapopemba, Fazenda da Juta, 1480
Fazenda da Juta, Sao Mateus, 1210
Sao Mateus, Jardim Colonial, 1800
Santa Cruz, Hospital Sao Paulo, 802
Hospital Sao Paulo, AACD-Servidor, 654
AACD-Servidor, Moema, 1314
Moema, Eucaliptos, 976
Eucaliptos, Campo Belo, 1707
Campo Belo, Brooklin, 1164
Brooklin, Borba Gato, 883
Borba Gato, Alto da Boa Vista, 1131
Alto da Boa Vista, Adolfo Pinheiro, 966
Adolfo Pinheiro, Largo Treze, 900
Largo Treze, Santo Amaro, 1246
Santo Amaro, Giovanni Gronchi, 2263
Giovanni Gronchi, Vila das Belezas, 1642
Vila das Belezas, Campo Limpo, 1813
Campo Limpo, Capao Redondo, 1436
Santo Amaro, Joao Dias, 2240
Joao Dias, Granja Julieta, 1700
Granja Julieta, Morumbi, 1220
Morumbi, Berrini, 1960
Berrini, Vila Olimpia, 1360
Vila Olimpia, Cidade Jardim, 885
Cidade Jardim, Hebraica-Rebouças, 1500
Hebraica-Rebouças, Pinheiros, 880
Pinheiros, Cidade Universitaria, 1490
Cidade Universitaria, Vila Lobos-Jaguare, 2470
Vila Lobos-Jaguare, Ceasa, 1000
Ceasa, Presidente Altino, 2490
Presidente Altino, Osasco, 1680
Osasco, Comandante Sampaio, 2300
Comandante Sampaio, Quitauna, 1230
Quitauna, General Miguel Costa, 887
General Miguel Costa, Carapicuiba, 2180
Carapicuiba, Santa Terezinha, 1350
Santa Terezinha, Antonio Joao, 1080
Antonio Joao, Barueri, 2190
Barueri, Jardim Belval, 1790
Jardim Belval, Jardim Silveira, 1200
Jardim Silveira, Jandira, 1080
Jandira, Sagrado Coraçao, 1470
Sagrado Coraçao, Engenheiro Cardoso, 1660
Engenheiro Cardoso, Itapevi, 1670
Santo Amaro, Socorro, 1000
Socorro, Jurubatuba, 1770
Jurubatuba, Autodromo, 3940
Autodromo, Primavera-Interlagos, 1910
Primavera-Interlagos, Grajau, 1670
Grajau, Mendes-Vila Natal, 2100
Santa Cruz, Praça da arvore, 1312
Praça da arvore, Saude, 896
Saude, Sao Judas, 790
Sao Judas, Conceiçao, 1096
Conceiçao, Jabaquara, 1183
Paraiso, Brigadeiro, 0
Brigadeiro, Trianon-Masp, 954
Trianon-Masp, Consolaçao, 982
Consolaçao, Clinicas, 1063
Clinicas, Sumare, 769
Sumare, Vila Madalena, 1489
Consolaçao, Paulista, 0
Paulista, Oscar Freire, 1195
Oscar Freire, Fradique Coutinho, 878
Fradique Coutinho, Faria Lima, 1557
Vergueiro, Sao Joaquim, 843
Sao Joaquim, Japao-Liberdade, 825
Japao-Liberdade, Se, 544
Se, Anhangabau, 652
Anhangabau, Republica, 606
Republica, Higienopolis-Mackenzie, 1112
Republica, Santa Cecilia, 820
Santa Cecilia, Marechal Deodoro, 926
Marechal Deodoro, Palmeiras-Barra Funda, 1544
Palmeiras-Barra Funda, Agua Branca, 2300
Agua Branca, Lapa, 1640
Lapa, Domingos de Moras, 2450
Domingos de Moras, Imperatriz Leopoldina, 1790
Lapa, Piqueri, 2050
Piqueri, Pirituba, 2150
Pirituba, Vila Clarice, 2820
Vila Clarice, Jaragua, 2050
Jaragua, Vila Aurora, 2120
Vila Aurora, Perus, 4080
Perus, Caieiras, 4730
Caieiras, Franco da Rocha, 4960
Franco da Rocha, Baltazar Fidelis, 2530
Baltazar Fidelis, Francisco Morato, 3580
Francisco Morato, Botujuru, 6820
Botujuru, Campo Limpo Paulista, 3970
Campo Limpo Paulista, Varzea Paulista, 5860
Varzea Paulista, Jundiai, 5160
Palmeiras-Barra Funda, Julio Prestes, 3010
Se, Pedro II, 727
Pedro II, Bras, 1044
Bras, Bresser-Mooca, 873
Bresser-Mooca, Belem, 1825
Belem, Tatuape, 1427
Tatuape, Carrao, 1280
Carrao, Penha, 2280
Penha, Guilhermina-Esperança, 1183
Guilhermina-Esperança, Patriarca-Vila Re, 1534
Patriarca-Vila Re, Artur Alvin, 1722
Artur Alvin, Corinthians-Itaquera, 1461
Corinthians-Itaquera, Dom Bosco, 2390
Dom Bosco, Jose Bonifacio, 1690
Jose Bonifacio, Guaianases, 1700
Guaianases, Antonio Gianetti Neto, 3770
Antonio Gianetti Neto, Ferraz de Vasconcelos, 2320
Ferraz de Vasconcelos, Poa, 3030
Poa, Calmon Viana, 1160
Calmon Viana, Aracare, 3070
Aracare, Itaquaquecetuba, 2670
Itaquaquecetuba, Engenheiro Manoel Feio, 2270
Engenheiro Manoel Feio, Jardim Romano, 1990
Jardim Romano, Itaim Paulista, 2060
Itaim Paulista, Jardim Helena-Vila Mara, 1910
Jardim Helena-Vila Mara, Sao Miguel Paulista, 2330
Sao Miguel Paulista, Comendador Ermelino, 4540
Comendador Ermelino, USP Leste, 2100
USP Leste, Engenheiro Goulart, 2550
Engenheiro Goulart, Guarulhos-Cecap, 7070
Guarulhos-Cecap, Aeroporto-Guarulhos, 1690
Calmon Viana, Suzano, 2770
Suzano, Jundiapeba, 5360
Jundiapeba, Braz Cubas, 3470
Braz Cubas, Mogi das Cruzes, 3330
Mogi das Cruzes, Estudantes, 1360
Bras, Juventus-Mooca, 1610
Se, Sao Bento, 739
Sao Bento, Luz, 762
Luz, Tiradentes, 658
Tiradentes, Armenia, 691
Armenia, Portuguesa-Tiete, 1245
Portuguesa-Tiete, Carandiru, 760
Carandiru, Santana, 740
Santana, Jardim Sao Paulo, 1474
Jardim Sao Paulo, Parada Inglesa, 1057
Parada Inglesa, Tucuruvi, 992
