Ipiranga, Tamanduatei, 1400
Tamanduatei, Sacoma, 1702
Sacoma, Alto do Ipiranga, 900
Alto do Ipiranga, Santos-Imigrantes, 1121
Santos-Imigrantes, Chacara Klabin, 1119
Chacara Klabin, Santa Cruz, 1019
Santa Cruz, Hospital Sao Paulo, 802
Hospital Sao Paulo, AACD-Servidor, 654
AACD-Servidor, Moema, 1314
Moema, Eucaliptos, 976
Eucaliptos, Campo Belo, 1707
Campo Belo, Brooklin, 1164
Brooklin, Borba Gato, 883
Borba Gato, Alto da Boa Vista, 1131
Alto da Boa Vista, Adolfo Pinheiro, 966
Adolfo Pinheiro, Largo Treze, 900
Largo Treze, Santo Amaro, 1246
Santo Amaro, Giovanni Gronchi, 2263
Giovanni Gronchi, Vila das Belezas, 1642
Vila das Belezas, Campo Limpo, 1813
Campo Limpo, Capao Redondo, 1436
Santo Amaro, Joao Dias, 2240
Joao Dias, Granja Julieta, 1700
Granja Julieta, Morumbi, 1220
Morumbi, Berrini, 1960
Berrini, Vila Olimpia, 1360
Vila Olimpia, Cidade Jardim, 885
Cidade Jardim, Hebraica-Rebouças, 1500
Hebraica-Rebouças, Pinheiros, 880
Pinheiros, Cidade Universitaria, 1490
Cidade Universitaria, Vila Lobos-Jaguare, 2470
Vila Lobos-Jaguare, Ceasa, 1000
Ceasa, Presidente Altino, 2490
Presidente Altino, Imperatriz Leopoldina, 2870
Imperatriz Leopoldina, Domingos de Moras, 1790
Domingos de Moras, Lapa, 2450
Lapa, Agua Branca, 1640
Agua Branca, Palmeiras-Barra Funda, 2300
Palmeiras-Barra Funda, Julio Prestes, 3010
Lapa, Piqueri, 2050
Piqueri, Pirituba, 2150
Pirituba, Vila Clarice, 2820
Vila Clarice, Jaragua, 2050
Jaragua, Vila Aurora, 2120
Vila Aurora, Perus, 4080
Perus, Caieiras, 4730
Caieiras, Franco da Rocha, 4960
Franco da Rocha, Baltazar Fidelis, 2530
Baltazar Fidelis, Francisco Morato, 3580
Francisco Morato, Botujuru, 6820
Botujuru, Campo Limpo Paulista, 3970
Campo Limpo Paulista, Varzea Paulista, 5860
Varzea Paulista, Jundiai, 5160
Presidente Altino, Osasco, 1680
Osasco, Comandante Sampaio, 2300
Comandante Sampaio, Quitauna, 1230
Quitauna, General Miguel Costa, 887
General Miguel Costa, Carapicuiba, 2180
Carapicuiba, Santa Terezinha, 1350
Santa Terezinha, Antonio Joao, 1080
Antonio Joao, Barueri, 2190
Barueri, Jardim Belval, 1790
Jardim Belval, Jardim Silveira, 1200
Jardim Silveira, Jandira, 1080
Jandira, Sagrado Coraçao, 1470
Sagrado Coraçao, Engenheiro Cardoso, 1660
Engenheiro Cardoso, Itapevi, 1670
Santo Amaro, Socorro, 1000
Socorro, Jurubatuba, 1770
Jurubatuba, Autodromo, 3940
Autodromo, Primavera-Interlagos, 1910
Primavera-Interlagos, Grajau, 1670
Grajau, Mendes-Vila Natal, 2100
Santa Cruz, Praça da arvore, 1312
Praça da arvore, Saude, 896
Saude, Sao Judas, 790
Sao Judas, Conceiçao, 1096
Conceiçao, Jabaquara, 1183
Santa Cruz, Vila Mariana, 1138
Vila Mariana, Ana Rosa, 973
Ana Rosa, Paraiso, 702
Paraiso, Brigadeiro, 0
Brigadeiro, Trianon-Masp, 954
Trianon-Masp, Consolaçao, 982
Consolaçao, Clinicas, 1063
Clinicas, Sumare, 769
Sumare, Vila Madalena, 1489
Consolaçao, Paulista, 0
Paulista, Higienopolis-Mackenzie, 1226
Higienopolis-Mackenzie, Republica, 1112
Paulista, Oscar Freire, 1195
Oscar Freire, Fradique Coutinho, 878
Fradique Coutinho, Faria Lima, 1557
Paraiso, Vergueiro, 683
Vergueiro, Sao Joaquim, 843
Sao Joaquim, Japao-Liberdade, 825
Japao-Liberdade, Se, 544
Se, Sao Bento, 739
Sao Bento, Luz, 762
Luz, Bras, 2310
Bras, Juventus-Mooca, 1610
Luz, Tiradentes, 658
Tiradentes, Armenia, 691
Armenia, Portuguesa-Tiete, 1245
Portuguesa-Tiete, Carandiru, 760
Carandiru, Santana, 740
Santana, Jardim Sao Paulo, 1474
Jardim Sao Paulo, Parada Inglesa, 1057
Parada Inglesa, Tucuruvi, 992
Tamanduatei, Sao Caetano do Sul, 2790
Sao Caetano do Sul, Utinga, 3310
Utinga, Prefeito Saladino, 1570
Prefeito Saladino, Santo Andre, 1730
Santo Andre, Capuava, 4120
Capuava, Maua, 3210
Maua, Guapituba, 3080
Guapituba, Ribeirao Pires, 4450
Ribeirao Pires, Rio Grande da Serra, 4400
Tamanduatei, Vila Prudente, 1280
