Numero de estacoes que serao percorridas: 5
Distancia que sera percorrida: 11070
Luz, Bras, Juventus-Mooca, Ipiranga, Tamanduatei, Sao Caetano do Sul

Numero de estacoes que serao percorridas: 8
Distancia que sera percorrida: 12032
Luz, Sao Bento, Se, Pedro II, Bras, Juventus-Mooca, Ipiranga, Tamanduatei, Sao Caetano do Sul

Numero de estacoes que serao percorridas: 9
Distancia que sera percorrida: 13046
Luz, Republica, Anhangabau, Se, Pedro II, Bras, Juventus-Mooca, Ipiranga, Tamanduatei, Sao Caetano do Sul

Numero de estacoes que serao percorridas: 13
Distancia que sera percorrida: 14256
Luz, Sao Bento, Se, Japao-Liberdade, Sao Joaquim, Vergueiro, Paraiso, Ana Rosa, Chacara Klabin, Santos-Imigrantes, Alto do Ipiranga, Sacoma, Tamanduatei, Sao Caetano do Sul

Numero de estacoes que serao percorridas: 14
Distancia que sera percorrida: 15270
Luz, Republica, Anhangabau, Se, Japao-Liberdade, Sao Joaquim, Vergueiro, Paraiso, Ana Rosa, Chacara Klabin, Santos-Imigrantes, Alto do Ipiranga, Sacoma, Tamanduatei, Sao Caetano do Sul

Numero de estacoes que serao percorridas: 14
Distancia que sera percorrida: 16406
Luz, Republica, Higienopolis-Mackenzie, Paulista, Consolaçao, Trianon-Masp, Brigadeiro, Paraiso, Ana Rosa, Chacara Klabin, Santos-Imigrantes, Alto do Ipiranga, Sacoma, Tamanduatei, Sao Caetano do Sul

Numero de estacoes que serao percorridas: 15
Distancia que sera percorrida: 15860
Luz, Sao Bento, Se, Japao-Liberdade, Sao Joaquim, Vergueiro, Paraiso, Ana Rosa, Vila Mariana, Santa Cruz, Chacara Klabin, Santos-Imigrantes, Alto do Ipiranga, Sacoma, Tamanduatei, Sao Caetano do Sul

Numero de estacoes que serao percorridas: 16
Distancia que sera percorrida: 16874
Luz, Republica, Anhangabau, Se, Japao-Liberdade, Sao Joaquim, Vergueiro, Paraiso, Ana Rosa, Vila Mariana, Santa Cruz, Chacara Klabin, Santos-Imigrantes, Alto do Ipiranga, Sacoma, Tamanduatei, Sao Caetano do Sul

Numero de estacoes que serao percorridas: 16
Distancia que sera percorrida: 18010
Luz, Republica, Higienopolis-Mackenzie, Paulista, Consolaçao, Trianon-Masp, Brigadeiro, Paraiso, Ana Rosa, Vila Mariana, Santa Cruz, Chacara Klabin, Santos-Imigrantes, Alto do Ipiranga, Sacoma, Tamanduatei, Sao Caetano do Sul

